<?xml version="1.0" encoding="UTF-8"?>
<testsuite name="junit.practice2.AppTest" tests="2" skipped="0" failures="0" errors="0" timestamp="2020-08-25T07:14:55" hostname="JONATHANOVM" time="0.009">
  <properties/>
  <testcase name="testAdd" classname="junit.practice2.AppTest" time="0.009"/>
  <testcase name="testMulti" classname="junit.practice2.AppTest" time="0.0"/>
  <system-out><![CDATA[]]></system-out>
  <system-err><![CDATA[]]></system-err>
</testsuite>
